C51 COMPILER V9.00   M                                                                     03/01/2015 23:26:37 PAGE 1   


C51 COMPILER V9.00, COMPILATION OF MODULE M
OBJECT MODULE PLACED IN m.OBJ
COMPILER INVOKED BY: C:\Keil\C51\BIN\C51.EXE m.c ROM(SMALL) BROWSE DEBUG OBJECTEXTEND

line level    source

   1          #include <rtx51tny.h>
   2          
   3          long counter1; 
   4          
   5          void job0 () _task_ 0 
   6          {
   7   1       //os_create_task (1);
   8   1      
   9   1      }
  10          void job1 () _task_ 1  {
  11   1      long counter1; 
  12   1        while (1)  {                        /* endless loop                         */
  13   2          counter1++;                       /* increment counter 1                  */
  14   2        }
  15   1      }


MODULE INFORMATION:   STATIC OVERLAYABLE
   CODE SIZE        =     28    ----
   CONSTANT SIZE    =   ----    ----
   XDATA SIZE       =   ----    ----
   PDATA SIZE       =   ----    ----
   DATA SIZE        =      4       4
   IDATA SIZE       =   ----    ----
   BIT SIZE         =   ----    ----
END OF MODULE INFORMATION.


C51 COMPILATION COMPLETE.  0 WARNING(S),  0 ERROR(S)
